d:\aev-2021\aev-2021\aev-2021\debug\vc142.pdb
d:\aev-2021\aev-2021\aev-2021\debug\vc142.idb
d:\aev-2021\aev-2021\aev-2021\debug\semanalysis.obj
d:\aev-2021\aev-2021\aev-2021\debug\polish.obj
d:\aev-2021\aev-2021\aev-2021\debug\parm.obj
d:\aev-2021\aev-2021\aev-2021\debug\mfst.obj
d:\aev-2021\aev-2021\aev-2021\debug\lt.obj
d:\aev-2021\aev-2021\aev-2021\debug\log.obj
d:\aev-2021\aev-2021\aev-2021\debug\lexanalysis.obj
d:\aev-2021\aev-2021\aev-2021\debug\it.obj
d:\aev-2021\aev-2021\aev-2021\debug\in.obj
d:\aev-2021\aev-2021\aev-2021\debug\greibach.obj
d:\aev-2021\aev-2021\aev-2021\debug\generation.obj
d:\aev-2021\aev-2021\aev-2021\debug\fst.obj
d:\aev-2021\aev-2021\aev-2021\debug\error.obj
d:\aev-2021\aev-2021\aev-2021\debug\aev-2021.obj
d:\aev-2021\aev-2021\aev-2021\debug\aev-2021.obj.enc
d:\aev-2021\aev-2021\aev-2021\debug\aev-2021.ilk
d:\aev-2021\aev-2021\debug\aev-2021.pdb
d:\aev-2021\aev-2021\debug\aev-2021.exe
d:\aev-2021\aev-2021\aev-2021\debug\aev-2021.tlog\cl.command.1.tlog
d:\aev-2021\aev-2021\aev-2021\debug\aev-2021.tlog\cl.read.1.tlog
d:\aev-2021\aev-2021\aev-2021\debug\aev-2021.tlog\cl.write.1.tlog
d:\aev-2021\aev-2021\aev-2021\debug\aev-2021.tlog\link.command.1.tlog
d:\aev-2021\aev-2021\aev-2021\debug\aev-2021.tlog\link.read.1.tlog
d:\aev-2021\aev-2021\aev-2021\debug\aev-2021.tlog\link.write.1.tlog
