Сборка начата 21.12.2021 21:18:19.
Уровень детализации журнала: Normal.     1>Проект "D:\AEV-2021\AEV-2021\AEV-2021\AEV-2021.vcxproj" в узле 2 (целевые объекты Build).
     1>InitializeBuildStatus:
         Создание "Debug\AEV-2021.tlog\unsuccessfulbuild", так как было задано "AlwaysCreate".
       ClCompile:
         C:\Program Files (x86)\Microsoft Visual Studio\2019\Community\VC\Tools\MSVC\14.29.30133\bin\HostX86\x86\CL.exe /c /ZI /JMC /nologo /W3 /WX- /diagnostics:column /sdl /Od /Oy- /D WIN32 /D _DEBUG /D _CONSOLE /D _UNICODE /D UNICODE /D _CRT_SECURE_NO_WARNINGS /Gm- /EHsc /RTC1 /MDd /GS /fp:precise /permissive- /Zc:wchar_t /Zc:forScope /Zc:inline /Fo"Debug\\" /Fd"Debug\vc142.pdb" /external:W3 /Gd /TP /analyze- /FC /errorReport:prompt Greibach.cpp
         Greibach.cpp
     1>D:\AEV-2021\AEV-2021\AEV-2021\stdafx.h(2,1): warning C4005: _CRT_SECURE_NO_WARNINGS: изменение макроопределения
       D:\AEV-2021\AEV-2021\AEV-2021\Greibach.cpp : message : см. предыдущее определение "_CRT_SECURE_NO_WARNINGS"
       Link:
         C:\Program Files (x86)\Microsoft Visual Studio\2019\Community\VC\Tools\MSVC\14.29.30133\bin\HostX86\x86\link.exe /ERRORREPORT:PROMPT /OUT:"D:\AEV-2021\AEV-2021\Debug\AEV-2021.exe" /INCREMENTAL /ILK:"Debug\AEV-2021.ilk" /NOLOGO kernel32.lib user32.lib gdi32.lib winspool.lib comdlg32.lib advapi32.lib shell32.lib ole32.lib oleaut32.lib uuid.lib odbc32.lib odbccp32.lib /MANIFEST /MANIFESTUAC:"level='asInvoker' uiAccess='false'" /manifest:embed /DEBUG /PDB:"D:\AEV-2021\AEV-2021\Debug\AEV-2021.pdb" /SUBSYSTEM:CONSOLE /TLBID:1 /DYNAMICBASE /NXCOMPAT /IMPLIB:"D:\AEV-2021\AEV-2021\Debug\AEV-2021.lib" /MACHINE:X86 "Debug\AEV-2021.obj"
         Debug\Error.obj
         Debug\FST.obj
         Debug\Generation.obj
         Debug\Greibach.obj
         Debug\In.obj
         Debug\IT.obj
         Debug\LexAnalysis.obj
         Debug\Log.obj
         Debug\LT.obj
         Debug\MFST.obj
         Debug\Parm.obj
         Debug\Polish.obj
         Debug\SemAnalysis.obj
         AEV-2021.vcxproj -> D:\AEV-2021\AEV-2021\Debug\AEV-2021.exe
       FinalizeBuildStatus:
         Файл "Debug\AEV-2021.tlog\unsuccessfulbuild" удаляется.
         Обращение к "Debug\AEV-2021.tlog\AEV-2021.lastbuildstate".
     1>Сборка проекта "D:\AEV-2021\AEV-2021\AEV-2021\AEV-2021.vcxproj" завершена (целевые объекты Build).

Сборка успешно завершена.

       "D:\AEV-2021\AEV-2021\AEV-2021\AEV-2021.vcxproj" (целевой объект Build ) (1) ->
       (Целевой объект ClCompile) -> 
         D:\AEV-2021\AEV-2021\AEV-2021\stdafx.h(2,1): warning C4005: _CRT_SECURE_NO_WARNINGS: изменение макроопределения

    Предупреждений: 1
    Ошибок: 0

Прошло времени 00:00:01.80
